2019-02-21 14:17:22 [scrapy.utils.log] INFO: Scrapy 1.6.0 started (bot: forsaleCrawl)
2019-02-21 14:17:22 [scrapy.utils.log] INFO: Versions: lxml 4.3.1.0, libxml2 2.9.5, cssselect 1.0.3, parsel 1.5.1, w3lib 1.20.0, Twisted 18.9.0, Python 3.6.4 (v3.6.4:d48eceb, Dec 19 2017, 06:54:40) [MSC v.1900 64 bit (AMD64)], pyOpenSSL 19.0.0 (OpenSSL 1.1.1a  20 Nov 2018), cryptography 2.5, Platform Windows-10-10.0.14393-SP0
2019-02-21 14:17:22 [scrapy.crawler] INFO: Overridden settings: {'BOT_NAME': 'forsaleCrawl', 'COOKIES_ENABLED': False, 'DOWNLOAD_DELAY': 3, 'LOG_FILE': './log/20192211417.log', 'NEWSPIDER_MODULE': 'forsaleCrawl.spiders', 'SPIDER_MODULES': ['forsaleCrawl.spiders']}
2019-02-21 14:17:22 [scrapy.extensions.telnet] INFO: Telnet Password: ce1880b233a44520
2019-02-21 14:17:22 [scrapy.middleware] INFO: Enabled extensions:
['scrapy.extensions.corestats.CoreStats',
 'scrapy.extensions.telnet.TelnetConsole',
 'scrapy.extensions.logstats.LogStats']
2019-02-21 14:17:23 [scrapy.middleware] INFO: Enabled downloader middlewares:
['forsaleCrawl.middlewares.RandomUserAgent',
 'forsaleCrawl.middlewares.RandomProxy',
 'scrapy.downloadermiddlewares.httpauth.HttpAuthMiddleware',
 'scrapy.downloadermiddlewares.downloadtimeout.DownloadTimeoutMiddleware',
 'scrapy.downloadermiddlewares.defaultheaders.DefaultHeadersMiddleware',
 'scrapy.downloadermiddlewares.useragent.UserAgentMiddleware',
 'scrapy.downloadermiddlewares.retry.RetryMiddleware',
 'scrapy.downloadermiddlewares.redirect.MetaRefreshMiddleware',
 'scrapy.downloadermiddlewares.httpcompression.HttpCompressionMiddleware',
 'scrapy.downloadermiddlewares.redirect.RedirectMiddleware',
 'scrapy.downloadermiddlewares.httpproxy.HttpProxyMiddleware',
 'scrapy.downloadermiddlewares.stats.DownloaderStats']
2019-02-21 14:17:23 [scrapy.middleware] INFO: Enabled spider middlewares:
['scrapy.spidermiddlewares.httperror.HttpErrorMiddleware',
 'scrapy.spidermiddlewares.offsite.OffsiteMiddleware',
 'scrapy.spidermiddlewares.referer.RefererMiddleware',
 'scrapy.spidermiddlewares.urllength.UrlLengthMiddleware',
 'scrapy.spidermiddlewares.depth.DepthMiddleware']
2019-02-21 14:17:23 [scrapy.middleware] INFO: Enabled item pipelines:
['forsaleCrawl.pipelines.ForsalecrawlPipeline']
2019-02-21 14:17:23 [scrapy.core.engine] INFO: Spider opened
2019-02-21 14:17:23 [scrapy.extensions.logstats] INFO: Crawled 0 pages (at 0 pages/min), scraped 0 items (at 0 items/min)
2019-02-21 14:17:23 [scrapy.extensions.telnet] INFO: Telnet console listening on 127.0.0.1:6023
2019-02-21 14:17:40 [scrapy.core.scraper] ERROR: Error downloading <GET https://www.forsalebyowner.com/search/list/New%20York/1-page>
Traceback (most recent call last):
  File "D:\devtools\python3.6.4\lib\site-packages\twisted\internet\defer.py", line 1418, in _inlineCallbacks
    result = g.send(result)
  File "D:\devtools\python3.6.4\lib\site-packages\scrapy\core\downloader\middleware.py", line 37, in process_request
    response = yield method(request=request, spider=spider)
  File "E:\py_workSpace\forsaleCrawl\forsaleCrawl\middlewares.py", line 47, in process_request
    base64_userpasswd = base64.b64encode(proxy['user_passwd'])
  File "D:\devtools\python3.6.4\lib\base64.py", line 58, in b64encode
    encoded = binascii.b2a_base64(s, newline=False)
TypeError: a bytes-like object is required, not 'str'
2019-02-21 14:17:40 [scrapy.core.engine] INFO: Closing spider (finished)
2019-02-21 14:17:40 [scrapy.statscollectors] INFO: Dumping Scrapy stats:
{'downloader/exception_count': 1,
 'downloader/exception_type_count/builtins.TypeError': 1,
 'finish_reason': 'finished',
 'finish_time': datetime.datetime(2019, 2, 21, 6, 17, 40, 609155),
 'log_count/ERROR': 1,
 'log_count/INFO': 9,
 'scheduler/dequeued': 1,
 'scheduler/dequeued/memory': 1,
 'scheduler/enqueued': 1,
 'scheduler/enqueued/memory': 1,
 'start_time': datetime.datetime(2019, 2, 21, 6, 17, 23, 30977)}
2019-02-21 14:17:40 [scrapy.core.engine] INFO: Spider closed (finished)
