2019-02-21 14:22:02 [scrapy.utils.log] INFO: Scrapy 1.6.0 started (bot: forsaleCrawl)
2019-02-21 14:22:02 [scrapy.utils.log] INFO: Versions: lxml 4.3.1.0, libxml2 2.9.5, cssselect 1.0.3, parsel 1.5.1, w3lib 1.20.0, Twisted 18.9.0, Python 3.6.4 (v3.6.4:d48eceb, Dec 19 2017, 06:54:40) [MSC v.1900 64 bit (AMD64)], pyOpenSSL 19.0.0 (OpenSSL 1.1.1a  20 Nov 2018), cryptography 2.5, Platform Windows-10-10.0.14393-SP0
2019-02-21 14:22:02 [scrapy.crawler] INFO: Overridden settings: {'BOT_NAME': 'forsaleCrawl', 'COOKIES_ENABLED': False, 'DOWNLOAD_DELAY': 3, 'LOG_FILE': './log/20192211422.log', 'NEWSPIDER_MODULE': 'forsaleCrawl.spiders', 'SPIDER_MODULES': ['forsaleCrawl.spiders']}
2019-02-21 14:22:02 [scrapy.extensions.telnet] INFO: Telnet Password: 7b1d0bbf1dc25267
2019-02-21 14:22:02 [scrapy.middleware] INFO: Enabled extensions:
['scrapy.extensions.corestats.CoreStats',
 'scrapy.extensions.telnet.TelnetConsole',
 'scrapy.extensions.logstats.LogStats']
2019-02-21 14:22:02 [scrapy.middleware] INFO: Enabled downloader middlewares:
['forsaleCrawl.middlewares.RandomUserAgent',
 'scrapy.downloadermiddlewares.httpauth.HttpAuthMiddleware',
 'scrapy.downloadermiddlewares.downloadtimeout.DownloadTimeoutMiddleware',
 'scrapy.downloadermiddlewares.defaultheaders.DefaultHeadersMiddleware',
 'scrapy.downloadermiddlewares.useragent.UserAgentMiddleware',
 'scrapy.downloadermiddlewares.retry.RetryMiddleware',
 'scrapy.downloadermiddlewares.redirect.MetaRefreshMiddleware',
 'scrapy.downloadermiddlewares.httpcompression.HttpCompressionMiddleware',
 'scrapy.downloadermiddlewares.redirect.RedirectMiddleware',
 'scrapy.downloadermiddlewares.httpproxy.HttpProxyMiddleware',
 'scrapy.downloadermiddlewares.stats.DownloaderStats']
2019-02-21 14:22:02 [scrapy.middleware] INFO: Enabled spider middlewares:
['scrapy.spidermiddlewares.httperror.HttpErrorMiddleware',
 'scrapy.spidermiddlewares.offsite.OffsiteMiddleware',
 'scrapy.spidermiddlewares.referer.RefererMiddleware',
 'scrapy.spidermiddlewares.urllength.UrlLengthMiddleware',
 'scrapy.spidermiddlewares.depth.DepthMiddleware']
2019-02-21 14:22:02 [scrapy.middleware] INFO: Enabled item pipelines:
['forsaleCrawl.pipelines.ForsalecrawlPipeline']
2019-02-21 14:22:02 [scrapy.core.engine] INFO: Spider opened
2019-02-21 14:22:02 [scrapy.extensions.logstats] INFO: Crawled 0 pages (at 0 pages/min), scraped 0 items (at 0 items/min)
2019-02-21 14:22:02 [scrapy.extensions.telnet] INFO: Telnet console listening on 127.0.0.1:6023
2019-02-21 14:22:03 [scrapy.core.engine] DEBUG: Crawled (200) <GET https://www.forsalebyowner.com/search/list/New%20York/1-page> (referer: None)
2019-02-21 14:22:07 [scrapy.core.engine] DEBUG: Crawled (200) <GET https://www.forsalebyowner.com/search/list/New%20York/2-page> (referer: https://www.forsalebyowner.com/search/list/New%20York/1-page)
2019-02-21 14:22:11 [scrapy.core.engine] DEBUG: Crawled (200) <GET https://www.forsalebyowner.com/listing/1287-County-Hwy--25-Richfield-Springs-NY/54fa55e2aff839a5558b45b6> (referer: https://www.forsalebyowner.com/search/list/New%20York/1-page)
